2023-09-29 12:48:15:4815 error: bind EADDRINUSE null:80 
 Error Stack: Error: bind EADDRINUSE null:80
    at listenOnPrimaryHandle (node:net:1880:18)
    at rr (node:internal/cluster/child:163:12)
    at Worker.<anonymous> (node:internal/cluster/child:113:7)
    at process.onInternalMessage (node:internal/cluster/utils:49:5)
    at process.emit (node:events:523:35)
    at emit (node:internal/child_process:944:14)
    at process.processTicksAndRejections (node:internal/process/task_queues:83:21)
2023-09-29 12:48:15:4815 error: bind EADDRINUSE null:80 
 Error Stack: Error: bind EADDRINUSE null:80
    at listenOnPrimaryHandle (node:net:1880:18)
    at rr (node:internal/cluster/child:163:12)
    at Worker.<anonymous> (node:internal/cluster/child:113:7)
    at process.onInternalMessage (node:internal/cluster/utils:49:5)
    at process.emit (node:events:523:35)
    at emit (node:internal/child_process:944:14)
    at process.processTicksAndRejections (node:internal/process/task_queues:83:21)
2023-09-29 12:48:15:4815 error: bind EADDRINUSE null:80 
 Error Stack: Error: bind EADDRINUSE null:80
    at listenOnPrimaryHandle (node:net:1880:18)
    at rr (node:internal/cluster/child:163:12)
    at Worker.<anonymous> (node:internal/cluster/child:113:7)
    at process.onInternalMessage (node:internal/cluster/utils:49:5)
    at process.emit (node:events:523:35)
    at emit (node:internal/child_process:944:14)
    at process.processTicksAndRejections (node:internal/process/task_queues:83:21)
2023-09-29 12:48:15:4815 error: bind EADDRINUSE null:80 
 Error Stack: Error: bind EADDRINUSE null:80
    at listenOnPrimaryHandle (node:net:1880:18)
    at rr (node:internal/cluster/child:163:12)
    at Worker.<anonymous> (node:internal/cluster/child:113:7)
    at process.onInternalMessage (node:internal/cluster/utils:49:5)
    at process.emit (node:events:523:35)
    at emit (node:internal/child_process:944:14)
    at process.processTicksAndRejections (node:internal/process/task_queues:83:21)
2023-09-29 12:48:15:4815 error: bind EADDRINUSE null:80 
 Error Stack: Error: bind EADDRINUSE null:80
    at listenOnPrimaryHandle (node:net:1880:18)
    at rr (node:internal/cluster/child:163:12)
    at Worker.<anonymous> (node:internal/cluster/child:113:7)
    at process.onInternalMessage (node:internal/cluster/utils:49:5)
    at process.emit (node:events:523:35)
    at emit (node:internal/child_process:944:14)
    at process.processTicksAndRejections (node:internal/process/task_queues:83:21)
2023-09-29 12:48:16:4816 error: bind EADDRINUSE null:80 
 Error Stack: Error: bind EADDRINUSE null:80
    at listenOnPrimaryHandle (node:net:1880:18)
    at rr (node:internal/cluster/child:163:12)
    at Worker.<anonymous> (node:internal/cluster/child:113:7)
    at process.onInternalMessage (node:internal/cluster/utils:49:5)
    at process.emit (node:events:523:35)
    at emit (node:internal/child_process:944:14)
    at process.processTicksAndRejections (node:internal/process/task_queues:83:21)
2023-09-29 12:48:16:4816 error: bind EADDRINUSE null:80 
 Error Stack: Error: bind EADDRINUSE null:80
    at listenOnPrimaryHandle (node:net:1880:18)
    at rr (node:internal/cluster/child:163:12)
    at Worker.<anonymous> (node:internal/cluster/child:113:7)
    at process.onInternalMessage (node:internal/cluster/utils:49:5)
    at process.emit (node:events:523:35)
    at emit (node:internal/child_process:944:14)
    at process.processTicksAndRejections (node:internal/process/task_queues:83:21)
2023-09-29 12:48:16:4816 error: bind EADDRINUSE null:80 
 Error Stack: Error: bind EADDRINUSE null:80
    at listenOnPrimaryHandle (node:net:1880:18)
    at rr (node:internal/cluster/child:163:12)
    at Worker.<anonymous> (node:internal/cluster/child:113:7)
    at process.onInternalMessage (node:internal/cluster/utils:49:5)
    at process.emit (node:events:523:35)
    at emit (node:internal/child_process:944:14)
    at process.processTicksAndRejections (node:internal/process/task_queues:83:21)
2023-09-29 12:48:16:4816 error: bind EADDRINUSE null:80 
 Error Stack: Error: bind EADDRINUSE null:80
    at listenOnPrimaryHandle (node:net:1880:18)
    at rr (node:internal/cluster/child:163:12)
    at Worker.<anonymous> (node:internal/cluster/child:113:7)
    at process.onInternalMessage (node:internal/cluster/utils:49:5)
    at process.emit (node:events:523:35)
    at emit (node:internal/child_process:944:14)
    at process.processTicksAndRejections (node:internal/process/task_queues:83:21)
2023-09-29 12:48:17:4817 error: bind EADDRINUSE null:80 
 Error Stack: Error: bind EADDRINUSE null:80
    at listenOnPrimaryHandle (node:net:1880:18)
    at rr (node:internal/cluster/child:163:12)
    at Worker.<anonymous> (node:internal/cluster/child:113:7)
    at process.onInternalMessage (node:internal/cluster/utils:49:5)
    at process.emit (node:events:523:35)
    at emit (node:internal/child_process:944:14)
    at process.processTicksAndRejections (node:internal/process/task_queues:83:21)
2023-09-29 12:48:17:4817 error: bind EADDRINUSE null:80 
 Error Stack: Error: bind EADDRINUSE null:80
    at listenOnPrimaryHandle (node:net:1880:18)
    at rr (node:internal/cluster/child:163:12)
    at Worker.<anonymous> (node:internal/cluster/child:113:7)
    at process.onInternalMessage (node:internal/cluster/utils:49:5)
    at process.emit (node:events:523:35)
    at emit (node:internal/child_process:944:14)
    at process.processTicksAndRejections (node:internal/process/task_queues:83:21)
2023-09-29 12:48:17:4817 error: bind EADDRINUSE null:80 
 Error Stack: Error: bind EADDRINUSE null:80
    at listenOnPrimaryHandle (node:net:1880:18)
    at rr (node:internal/cluster/child:163:12)
    at Worker.<anonymous> (node:internal/cluster/child:113:7)
    at process.onInternalMessage (node:internal/cluster/utils:49:5)
    at process.emit (node:events:523:35)
    at emit (node:internal/child_process:944:14)
    at process.processTicksAndRejections (node:internal/process/task_queues:83:21)
2023-09-29 12:48:17:4817 error: bind EADDRINUSE null:80 
 Error Stack: Error: bind EADDRINUSE null:80
    at listenOnPrimaryHandle (node:net:1880:18)
    at rr (node:internal/cluster/child:163:12)
    at Worker.<anonymous> (node:internal/cluster/child:113:7)
    at process.onInternalMessage (node:internal/cluster/utils:49:5)
    at process.emit (node:events:523:35)
    at emit (node:internal/child_process:944:14)
    at process.processTicksAndRejections (node:internal/process/task_queues:83:21)
2023-09-29 12:48:18:4818 error: bind EADDRINUSE null:80 
 Error Stack: Error: bind EADDRINUSE null:80
    at listenOnPrimaryHandle (node:net:1880:18)
    at rr (node:internal/cluster/child:163:12)
    at Worker.<anonymous> (node:internal/cluster/child:113:7)
    at process.onInternalMessage (node:internal/cluster/utils:49:5)
    at process.emit (node:events:523:35)
    at emit (node:internal/child_process:944:14)
    at process.processTicksAndRejections (node:internal/process/task_queues:83:21)
2023-09-29 12:48:18:4818 error: bind EADDRINUSE null:80 
 Error Stack: Error: bind EADDRINUSE null:80
    at listenOnPrimaryHandle (node:net:1880:18)
    at rr (node:internal/cluster/child:163:12)
    at Worker.<anonymous> (node:internal/cluster/child:113:7)
    at process.onInternalMessage (node:internal/cluster/utils:49:5)
    at process.emit (node:events:523:35)
    at emit (node:internal/child_process:944:14)
    at process.processTicksAndRejections (node:internal/process/task_queues:83:21)
2023-09-29 12:48:18:4818 error: bind EADDRINUSE null:80 
 Error Stack: Error: bind EADDRINUSE null:80
    at listenOnPrimaryHandle (node:net:1880:18)
    at rr (node:internal/cluster/child:163:12)
    at Worker.<anonymous> (node:internal/cluster/child:113:7)
    at process.onInternalMessage (node:internal/cluster/utils:49:5)
    at process.emit (node:events:523:35)
    at emit (node:internal/child_process:944:14)
    at process.processTicksAndRejections (node:internal/process/task_queues:83:21)
2023-09-29 12:48:18:4818 error: bind EADDRINUSE null:80 
 Error Stack: Error: bind EADDRINUSE null:80
    at listenOnPrimaryHandle (node:net:1880:18)
    at rr (node:internal/cluster/child:163:12)
    at Worker.<anonymous> (node:internal/cluster/child:113:7)
    at process.onInternalMessage (node:internal/cluster/utils:49:5)
    at process.emit (node:events:523:35)
    at emit (node:internal/child_process:944:14)
    at process.processTicksAndRejections (node:internal/process/task_queues:83:21)
2023-09-29 12:48:18:4818 error: bind EADDRINUSE null:80 
 Error Stack: Error: bind EADDRINUSE null:80
    at listenOnPrimaryHandle (node:net:1880:18)
    at rr (node:internal/cluster/child:163:12)
    at Worker.<anonymous> (node:internal/cluster/child:113:7)
    at process.onInternalMessage (node:internal/cluster/utils:49:5)
    at process.emit (node:events:523:35)
    at emit (node:internal/child_process:944:14)
    at process.processTicksAndRejections (node:internal/process/task_queues:83:21)
2023-09-29 12:48:18:4818 error: bind EADDRINUSE null:80 
 Error Stack: Error: bind EADDRINUSE null:80
    at listenOnPrimaryHandle (node:net:1880:18)
    at rr (node:internal/cluster/child:163:12)
    at Worker.<anonymous> (node:internal/cluster/child:113:7)
    at process.onInternalMessage (node:internal/cluster/utils:49:5)
    at process.emit (node:events:523:35)
    at emit (node:internal/child_process:944:14)
    at process.processTicksAndRejections (node:internal/process/task_queues:83:21)
2023-09-29 12:48:18:4818 error: bind EADDRINUSE null:80 
 Error Stack: Error: bind EADDRINUSE null:80
    at listenOnPrimaryHandle (node:net:1880:18)
    at rr (node:internal/cluster/child:163:12)
    at Worker.<anonymous> (node:internal/cluster/child:113:7)
    at process.onInternalMessage (node:internal/cluster/utils:49:5)
    at process.emit (node:events:523:35)
    at emit (node:internal/child_process:944:14)
    at process.processTicksAndRejections (node:internal/process/task_queues:83:21)
2023-09-29 12:48:18:4818 error: bind EADDRINUSE null:80 
 Error Stack: Error: bind EADDRINUSE null:80
    at listenOnPrimaryHandle (node:net:1880:18)
    at rr (node:internal/cluster/child:163:12)
    at Worker.<anonymous> (node:internal/cluster/child:113:7)
    at process.onInternalMessage (node:internal/cluster/utils:49:5)
    at process.emit (node:events:523:35)
    at emit (node:internal/child_process:944:14)
    at process.processTicksAndRejections (node:internal/process/task_queues:83:21)
2023-09-29 12:48:19:4819 error: bind EADDRINUSE null:80 
 Error Stack: Error: bind EADDRINUSE null:80
    at listenOnPrimaryHandle (node:net:1880:18)
    at rr (node:internal/cluster/child:163:12)
    at Worker.<anonymous> (node:internal/cluster/child:113:7)
    at process.onInternalMessage (node:internal/cluster/utils:49:5)
    at process.emit (node:events:523:35)
    at emit (node:internal/child_process:944:14)
    at process.processTicksAndRejections (node:internal/process/task_queues:83:21)
2023-09-29 12:48:19:4819 error: bind EADDRINUSE null:80 
 Error Stack: Error: bind EADDRINUSE null:80
    at listenOnPrimaryHandle (node:net:1880:18)
    at rr (node:internal/cluster/child:163:12)
    at Worker.<anonymous> (node:internal/cluster/child:113:7)
    at process.onInternalMessage (node:internal/cluster/utils:49:5)
    at process.emit (node:events:523:35)
    at emit (node:internal/child_process:944:14)
    at process.processTicksAndRejections (node:internal/process/task_queues:83:21)
2023-09-29 12:48:19:4819 error: bind EADDRINUSE null:80 
 Error Stack: Error: bind EADDRINUSE null:80
    at listenOnPrimaryHandle (node:net:1880:18)
    at rr (node:internal/cluster/child:163:12)
    at Worker.<anonymous> (node:internal/cluster/child:113:7)
    at process.onInternalMessage (node:internal/cluster/utils:49:5)
    at process.emit (node:events:523:35)
    at emit (node:internal/child_process:944:14)
    at process.processTicksAndRejections (node:internal/process/task_queues:83:21)
2023-09-29 12:48:19:4819 error: bind EADDRINUSE null:80 
 Error Stack: Error: bind EADDRINUSE null:80
    at listenOnPrimaryHandle (node:net:1880:18)
    at rr (node:internal/cluster/child:163:12)
    at Worker.<anonymous> (node:internal/cluster/child:113:7)
    at process.onInternalMessage (node:internal/cluster/utils:49:5)
    at process.emit (node:events:523:35)
    at emit (node:internal/child_process:944:14)
    at process.processTicksAndRejections (node:internal/process/task_queues:83:21)
2023-09-29 12:48:19:4819 error: bind EADDRINUSE null:80 
 Error Stack: Error: bind EADDRINUSE null:80
    at listenOnPrimaryHandle (node:net:1880:18)
    at rr (node:internal/cluster/child:163:12)
    at Worker.<anonymous> (node:internal/cluster/child:113:7)
    at process.onInternalMessage (node:internal/cluster/utils:49:5)
    at process.emit (node:events:523:35)
    at emit (node:internal/child_process:944:14)
    at process.processTicksAndRejections (node:internal/process/task_queues:83:21)
2023-09-29 12:48:19:4819 error: bind EADDRINUSE null:80 
 Error Stack: Error: bind EADDRINUSE null:80
    at listenOnPrimaryHandle (node:net:1880:18)
    at rr (node:internal/cluster/child:163:12)
    at Worker.<anonymous> (node:internal/cluster/child:113:7)
    at process.onInternalMessage (node:internal/cluster/utils:49:5)
    at process.emit (node:events:523:35)
    at emit (node:internal/child_process:944:14)
    at process.processTicksAndRejections (node:internal/process/task_queues:83:21)
2023-09-29 12:48:20:4820 error: bind EADDRINUSE null:80 
 Error Stack: Error: bind EADDRINUSE null:80
    at listenOnPrimaryHandle (node:net:1880:18)
    at rr (node:internal/cluster/child:163:12)
    at Worker.<anonymous> (node:internal/cluster/child:113:7)
    at process.onInternalMessage (node:internal/cluster/utils:49:5)
    at process.emit (node:events:523:35)
    at emit (node:internal/child_process:944:14)
    at process.processTicksAndRejections (node:internal/process/task_queues:83:21)
2023-09-29 12:48:20:4820 error: bind EADDRINUSE null:80 
 Error Stack: Error: bind EADDRINUSE null:80
    at listenOnPrimaryHandle (node:net:1880:18)
    at rr (node:internal/cluster/child:163:12)
    at Worker.<anonymous> (node:internal/cluster/child:113:7)
    at process.onInternalMessage (node:internal/cluster/utils:49:5)
    at process.emit (node:events:523:35)
    at emit (node:internal/child_process:944:14)
    at process.processTicksAndRejections (node:internal/process/task_queues:83:21)
2023-09-29 12:48:20:4820 error: bind EADDRINUSE null:80 
 Error Stack: Error: bind EADDRINUSE null:80
    at listenOnPrimaryHandle (node:net:1880:18)
    at rr (node:internal/cluster/child:163:12)
    at Worker.<anonymous> (node:internal/cluster/child:113:7)
    at process.onInternalMessage (node:internal/cluster/utils:49:5)
    at process.emit (node:events:523:35)
    at emit (node:internal/child_process:944:14)
    at process.processTicksAndRejections (node:internal/process/task_queues:83:21)
2023-09-29 12:48:20:4820 error: bind EADDRINUSE null:80 
 Error Stack: Error: bind EADDRINUSE null:80
    at listenOnPrimaryHandle (node:net:1880:18)
    at rr (node:internal/cluster/child:163:12)
    at Worker.<anonymous> (node:internal/cluster/child:113:7)
    at process.onInternalMessage (node:internal/cluster/utils:49:5)
    at process.emit (node:events:523:35)
    at emit (node:internal/child_process:944:14)
    at process.processTicksAndRejections (node:internal/process/task_queues:83:21)
2023-09-29 12:48:20:4820 error: bind EADDRINUSE null:80 
 Error Stack: Error: bind EADDRINUSE null:80
    at listenOnPrimaryHandle (node:net:1880:18)
    at rr (node:internal/cluster/child:163:12)
    at Worker.<anonymous> (node:internal/cluster/child:113:7)
    at process.onInternalMessage (node:internal/cluster/utils:49:5)
    at process.emit (node:events:523:35)
    at emit (node:internal/child_process:944:14)
    at process.processTicksAndRejections (node:internal/process/task_queues:83:21)
2023-09-29 12:48:21:4821 error: bind EADDRINUSE null:80 
 Error Stack: Error: bind EADDRINUSE null:80
    at listenOnPrimaryHandle (node:net:1880:18)
    at rr (node:internal/cluster/child:163:12)
    at Worker.<anonymous> (node:internal/cluster/child:113:7)
    at process.onInternalMessage (node:internal/cluster/utils:49:5)
    at process.emit (node:events:523:35)
    at emit (node:internal/child_process:944:14)
    at process.processTicksAndRejections (node:internal/process/task_queues:83:21)
2023-09-29 12:48:21:4821 error: bind EADDRINUSE null:80 
 Error Stack: Error: bind EADDRINUSE null:80
    at listenOnPrimaryHandle (node:net:1880:18)
    at rr (node:internal/cluster/child:163:12)
    at Worker.<anonymous> (node:internal/cluster/child:113:7)
    at process.onInternalMessage (node:internal/cluster/utils:49:5)
    at process.emit (node:events:523:35)
    at emit (node:internal/child_process:944:14)
    at process.processTicksAndRejections (node:internal/process/task_queues:83:21)
2023-09-29 12:48:21:4821 error: bind EADDRINUSE null:80 
 Error Stack: Error: bind EADDRINUSE null:80
    at listenOnPrimaryHandle (node:net:1880:18)
    at rr (node:internal/cluster/child:163:12)
    at Worker.<anonymous> (node:internal/cluster/child:113:7)
    at process.onInternalMessage (node:internal/cluster/utils:49:5)
    at process.emit (node:events:523:35)
    at emit (node:internal/child_process:944:14)
    at process.processTicksAndRejections (node:internal/process/task_queues:83:21)
2023-09-29 12:48:21:4821 error: bind EADDRINUSE null:80 
 Error Stack: Error: bind EADDRINUSE null:80
    at listenOnPrimaryHandle (node:net:1880:18)
    at rr (node:internal/cluster/child:163:12)
    at Worker.<anonymous> (node:internal/cluster/child:113:7)
    at process.onInternalMessage (node:internal/cluster/utils:49:5)
    at process.emit (node:events:523:35)
    at emit (node:internal/child_process:944:14)
    at process.processTicksAndRejections (node:internal/process/task_queues:83:21)
2023-09-29 12:48:22:4822 error: bind EADDRINUSE null:80 
 Error Stack: Error: bind EADDRINUSE null:80
    at listenOnPrimaryHandle (node:net:1880:18)
    at rr (node:internal/cluster/child:163:12)
    at Worker.<anonymous> (node:internal/cluster/child:113:7)
    at process.onInternalMessage (node:internal/cluster/utils:49:5)
    at process.emit (node:events:523:35)
    at emit (node:internal/child_process:944:14)
    at process.processTicksAndRejections (node:internal/process/task_queues:83:21)
2023-09-29 12:48:22:4822 error: bind EADDRINUSE null:80 
 Error Stack: Error: bind EADDRINUSE null:80
    at listenOnPrimaryHandle (node:net:1880:18)
    at rr (node:internal/cluster/child:163:12)
    at Worker.<anonymous> (node:internal/cluster/child:113:7)
    at process.onInternalMessage (node:internal/cluster/utils:49:5)
    at process.emit (node:events:523:35)
    at emit (node:internal/child_process:944:14)
    at process.processTicksAndRejections (node:internal/process/task_queues:83:21)
2023-09-29 12:48:22:4822 error: bind EADDRINUSE null:80 
 Error Stack: Error: bind EADDRINUSE null:80
    at listenOnPrimaryHandle (node:net:1880:18)
    at rr (node:internal/cluster/child:163:12)
    at Worker.<anonymous> (node:internal/cluster/child:113:7)
    at process.onInternalMessage (node:internal/cluster/utils:49:5)
    at process.emit (node:events:523:35)
    at emit (node:internal/child_process:944:14)
    at process.processTicksAndRejections (node:internal/process/task_queues:83:21)
2023-09-29 12:48:22:4822 error: bind EADDRINUSE null:80 
 Error Stack: Error: bind EADDRINUSE null:80
    at listenOnPrimaryHandle (node:net:1880:18)
    at rr (node:internal/cluster/child:163:12)
    at Worker.<anonymous> (node:internal/cluster/child:113:7)
    at process.onInternalMessage (node:internal/cluster/utils:49:5)
    at process.emit (node:events:523:35)
    at emit (node:internal/child_process:944:14)
    at process.processTicksAndRejections (node:internal/process/task_queues:83:21)
2023-09-29 12:48:22:4822 error: bind EADDRINUSE null:80 
 Error Stack: Error: bind EADDRINUSE null:80
    at listenOnPrimaryHandle (node:net:1880:18)
    at rr (node:internal/cluster/child:163:12)
    at Worker.<anonymous> (node:internal/cluster/child:113:7)
    at process.onInternalMessage (node:internal/cluster/utils:49:5)
    at process.emit (node:events:523:35)
    at emit (node:internal/child_process:944:14)
    at process.processTicksAndRejections (node:internal/process/task_queues:83:21)
2023-09-29 12:48:22:4822 error: bind EADDRINUSE null:80 
 Error Stack: Error: bind EADDRINUSE null:80
    at listenOnPrimaryHandle (node:net:1880:18)
    at rr (node:internal/cluster/child:163:12)
    at Worker.<anonymous> (node:internal/cluster/child:113:7)
    at process.onInternalMessage (node:internal/cluster/utils:49:5)
    at process.emit (node:events:523:35)
    at emit (node:internal/child_process:944:14)
    at process.processTicksAndRejections (node:internal/process/task_queues:83:21)
2023-09-29 12:48:23:4823 error: bind EADDRINUSE null:80 
 Error Stack: Error: bind EADDRINUSE null:80
    at listenOnPrimaryHandle (node:net:1880:18)
    at rr (node:internal/cluster/child:163:12)
    at Worker.<anonymous> (node:internal/cluster/child:113:7)
    at process.onInternalMessage (node:internal/cluster/utils:49:5)
    at process.emit (node:events:523:35)
    at emit (node:internal/child_process:944:14)
    at process.processTicksAndRejections (node:internal/process/task_queues:83:21)
2023-09-29 12:48:23:4823 error: bind EADDRINUSE null:80 
 Error Stack: Error: bind EADDRINUSE null:80
    at listenOnPrimaryHandle (node:net:1880:18)
    at rr (node:internal/cluster/child:163:12)
    at Worker.<anonymous> (node:internal/cluster/child:113:7)
    at process.onInternalMessage (node:internal/cluster/utils:49:5)
    at process.emit (node:events:523:35)
    at emit (node:internal/child_process:944:14)
    at process.processTicksAndRejections (node:internal/process/task_queues:83:21)
2023-09-29 12:48:23:4823 error: bind EADDRINUSE null:80 
 Error Stack: Error: bind EADDRINUSE null:80
    at listenOnPrimaryHandle (node:net:1880:18)
    at rr (node:internal/cluster/child:163:12)
    at Worker.<anonymous> (node:internal/cluster/child:113:7)
    at process.onInternalMessage (node:internal/cluster/utils:49:5)
    at process.emit (node:events:523:35)
    at emit (node:internal/child_process:944:14)
    at process.processTicksAndRejections (node:internal/process/task_queues:83:21)
2023-09-29 12:48:24:4824 error: bind EADDRINUSE null:80 
 Error Stack: Error: bind EADDRINUSE null:80
    at listenOnPrimaryHandle (node:net:1880:18)
    at rr (node:internal/cluster/child:163:12)
    at Worker.<anonymous> (node:internal/cluster/child:113:7)
    at process.onInternalMessage (node:internal/cluster/utils:49:5)
    at process.emit (node:events:523:35)
    at emit (node:internal/child_process:944:14)
    at process.processTicksAndRejections (node:internal/process/task_queues:83:21)
2023-09-29 12:48:24:4824 error: bind EADDRINUSE null:80 
 Error Stack: Error: bind EADDRINUSE null:80
    at listenOnPrimaryHandle (node:net:1880:18)
    at rr (node:internal/cluster/child:163:12)
    at Worker.<anonymous> (node:internal/cluster/child:113:7)
    at process.onInternalMessage (node:internal/cluster/utils:49:5)
    at process.emit (node:events:523:35)
    at emit (node:internal/child_process:944:14)
    at process.processTicksAndRejections (node:internal/process/task_queues:83:21)
2023-09-29 12:48:24:4824 error: bind EADDRINUSE null:80 
 Error Stack: Error: bind EADDRINUSE null:80
    at listenOnPrimaryHandle (node:net:1880:18)
    at rr (node:internal/cluster/child:163:12)
    at Worker.<anonymous> (node:internal/cluster/child:113:7)
    at process.onInternalMessage (node:internal/cluster/utils:49:5)
    at process.emit (node:events:523:35)
    at emit (node:internal/child_process:944:14)
    at process.processTicksAndRejections (node:internal/process/task_queues:83:21)
2023-09-29 12:48:24:4824 error: bind EADDRINUSE null:80 
 Error Stack: Error: bind EADDRINUSE null:80
    at listenOnPrimaryHandle (node:net:1880:18)
    at rr (node:internal/cluster/child:163:12)
    at Worker.<anonymous> (node:internal/cluster/child:113:7)
    at process.onInternalMessage (node:internal/cluster/utils:49:5)
    at process.emit (node:events:523:35)
    at emit (node:internal/child_process:944:14)
    at process.processTicksAndRejections (node:internal/process/task_queues:83:21)
2023-09-29 12:48:25:4825 error: bind EADDRINUSE null:80 
 Error Stack: Error: bind EADDRINUSE null:80
    at listenOnPrimaryHandle (node:net:1880:18)
    at rr (node:internal/cluster/child:163:12)
    at Worker.<anonymous> (node:internal/cluster/child:113:7)
    at process.onInternalMessage (node:internal/cluster/utils:49:5)
    at process.emit (node:events:523:35)
    at emit (node:internal/child_process:944:14)
    at process.processTicksAndRejections (node:internal/process/task_queues:83:21)
2023-09-29 12:48:25:4825 error: bind EADDRINUSE null:80 
 Error Stack: Error: bind EADDRINUSE null:80
    at listenOnPrimaryHandle (node:net:1880:18)
    at rr (node:internal/cluster/child:163:12)
    at Worker.<anonymous> (node:internal/cluster/child:113:7)
    at process.onInternalMessage (node:internal/cluster/utils:49:5)
    at process.emit (node:events:523:35)
    at emit (node:internal/child_process:944:14)
    at process.processTicksAndRejections (node:internal/process/task_queues:83:21)
2023-09-29 12:48:25:4825 error: bind EADDRINUSE null:80 
 Error Stack: Error: bind EADDRINUSE null:80
    at listenOnPrimaryHandle (node:net:1880:18)
    at rr (node:internal/cluster/child:163:12)
    at Worker.<anonymous> (node:internal/cluster/child:113:7)
    at process.onInternalMessage (node:internal/cluster/utils:49:5)
    at process.emit (node:events:523:35)
    at emit (node:internal/child_process:944:14)
    at process.processTicksAndRejections (node:internal/process/task_queues:83:21)
2023-09-29 12:48:25:4825 error: bind EADDRINUSE null:80 
 Error Stack: Error: bind EADDRINUSE null:80
    at listenOnPrimaryHandle (node:net:1880:18)
    at rr (node:internal/cluster/child:163:12)
    at Worker.<anonymous> (node:internal/cluster/child:113:7)
    at process.onInternalMessage (node:internal/cluster/utils:49:5)
    at process.emit (node:events:523:35)
    at emit (node:internal/child_process:944:14)
    at process.processTicksAndRejections (node:internal/process/task_queues:83:21)
2023-09-29 12:48:25:4825 error: bind EADDRINUSE null:80 
 Error Stack: Error: bind EADDRINUSE null:80
    at listenOnPrimaryHandle (node:net:1880:18)
    at rr (node:internal/cluster/child:163:12)
    at Worker.<anonymous> (node:internal/cluster/child:113:7)
    at process.onInternalMessage (node:internal/cluster/utils:49:5)
    at process.emit (node:events:523:35)
    at emit (node:internal/child_process:944:14)
    at process.processTicksAndRejections (node:internal/process/task_queues:83:21)
2023-09-29 12:48:25:4825 error: bind EADDRINUSE null:80 
 Error Stack: Error: bind EADDRINUSE null:80
    at listenOnPrimaryHandle (node:net:1880:18)
    at rr (node:internal/cluster/child:163:12)
    at Worker.<anonymous> (node:internal/cluster/child:113:7)
    at process.onInternalMessage (node:internal/cluster/utils:49:5)
    at process.emit (node:events:523:35)
    at emit (node:internal/child_process:944:14)
    at process.processTicksAndRejections (node:internal/process/task_queues:83:21)
2023-09-29 12:48:26:4826 error: bind EADDRINUSE null:80 
 Error Stack: Error: bind EADDRINUSE null:80
    at listenOnPrimaryHandle (node:net:1880:18)
    at rr (node:internal/cluster/child:163:12)
    at Worker.<anonymous> (node:internal/cluster/child:113:7)
    at process.onInternalMessage (node:internal/cluster/utils:49:5)
    at process.emit (node:events:523:35)
    at emit (node:internal/child_process:944:14)
    at process.processTicksAndRejections (node:internal/process/task_queues:83:21)
2023-09-29 12:48:26:4826 error: bind EADDRINUSE null:80 
 Error Stack: Error: bind EADDRINUSE null:80
    at listenOnPrimaryHandle (node:net:1880:18)
    at rr (node:internal/cluster/child:163:12)
    at Worker.<anonymous> (node:internal/cluster/child:113:7)
    at process.onInternalMessage (node:internal/cluster/utils:49:5)
    at process.emit (node:events:523:35)
    at emit (node:internal/child_process:944:14)
    at process.processTicksAndRejections (node:internal/process/task_queues:83:21)
2023-09-29 12:48:26:4826 error: bind EADDRINUSE null:80 
 Error Stack: Error: bind EADDRINUSE null:80
    at listenOnPrimaryHandle (node:net:1880:18)
    at rr (node:internal/cluster/child:163:12)
    at Worker.<anonymous> (node:internal/cluster/child:113:7)
    at process.onInternalMessage (node:internal/cluster/utils:49:5)
    at process.emit (node:events:523:35)
    at emit (node:internal/child_process:944:14)
    at process.processTicksAndRejections (node:internal/process/task_queues:83:21)
2023-09-29 12:48:26:4826 error: bind EADDRINUSE null:80 
 Error Stack: Error: bind EADDRINUSE null:80
    at listenOnPrimaryHandle (node:net:1880:18)
    at rr (node:internal/cluster/child:163:12)
    at Worker.<anonymous> (node:internal/cluster/child:113:7)
    at process.onInternalMessage (node:internal/cluster/utils:49:5)
    at process.emit (node:events:523:35)
    at emit (node:internal/child_process:944:14)
    at process.processTicksAndRejections (node:internal/process/task_queues:83:21)
2023-09-29 12:48:26:4826 error: bind EADDRINUSE null:80 
 Error Stack: Error: bind EADDRINUSE null:80
    at listenOnPrimaryHandle (node:net:1880:18)
    at rr (node:internal/cluster/child:163:12)
    at Worker.<anonymous> (node:internal/cluster/child:113:7)
    at process.onInternalMessage (node:internal/cluster/utils:49:5)
    at process.emit (node:events:523:35)
    at emit (node:internal/child_process:944:14)
    at process.processTicksAndRejections (node:internal/process/task_queues:83:21)
2023-09-29 12:48:27:4827 error: bind EADDRINUSE null:80 
 Error Stack: Error: bind EADDRINUSE null:80
    at listenOnPrimaryHandle (node:net:1880:18)
    at rr (node:internal/cluster/child:163:12)
    at Worker.<anonymous> (node:internal/cluster/child:113:7)
    at process.onInternalMessage (node:internal/cluster/utils:49:5)
    at process.emit (node:events:523:35)
    at emit (node:internal/child_process:944:14)
    at process.processTicksAndRejections (node:internal/process/task_queues:83:21)
2023-09-29 12:48:27:4827 error: bind EADDRINUSE null:80 
 Error Stack: Error: bind EADDRINUSE null:80
    at listenOnPrimaryHandle (node:net:1880:18)
    at rr (node:internal/cluster/child:163:12)
    at Worker.<anonymous> (node:internal/cluster/child:113:7)
    at process.onInternalMessage (node:internal/cluster/utils:49:5)
    at process.emit (node:events:523:35)
    at emit (node:internal/child_process:944:14)
    at process.processTicksAndRejections (node:internal/process/task_queues:83:21)
2023-09-29 12:48:27:4827 error: bind EADDRINUSE null:80 
 Error Stack: Error: bind EADDRINUSE null:80
    at listenOnPrimaryHandle (node:net:1880:18)
    at rr (node:internal/cluster/child:163:12)
    at Worker.<anonymous> (node:internal/cluster/child:113:7)
    at process.onInternalMessage (node:internal/cluster/utils:49:5)
    at process.emit (node:events:523:35)
    at emit (node:internal/child_process:944:14)
    at process.processTicksAndRejections (node:internal/process/task_queues:83:21)
2023-09-29 12:48:27:4827 error: bind EADDRINUSE null:80 
 Error Stack: Error: bind EADDRINUSE null:80
    at listenOnPrimaryHandle (node:net:1880:18)
    at rr (node:internal/cluster/child:163:12)
    at Worker.<anonymous> (node:internal/cluster/child:113:7)
    at process.onInternalMessage (node:internal/cluster/utils:49:5)
    at process.emit (node:events:523:35)
    at emit (node:internal/child_process:944:14)
    at process.processTicksAndRejections (node:internal/process/task_queues:83:21)
2023-09-29 12:48:27:4827 error: bind EADDRINUSE null:80 
 Error Stack: Error: bind EADDRINUSE null:80
    at listenOnPrimaryHandle (node:net:1880:18)
    at rr (node:internal/cluster/child:163:12)
    at Worker.<anonymous> (node:internal/cluster/child:113:7)
    at process.onInternalMessage (node:internal/cluster/utils:49:5)
    at process.emit (node:events:523:35)
    at emit (node:internal/child_process:944:14)
    at process.processTicksAndRejections (node:internal/process/task_queues:83:21)
2023-09-29 12:48:28:4828 error: bind EADDRINUSE null:80 
 Error Stack: Error: bind EADDRINUSE null:80
    at listenOnPrimaryHandle (node:net:1880:18)
    at rr (node:internal/cluster/child:163:12)
    at Worker.<anonymous> (node:internal/cluster/child:113:7)
    at process.onInternalMessage (node:internal/cluster/utils:49:5)
    at process.emit (node:events:523:35)
    at emit (node:internal/child_process:944:14)
    at process.processTicksAndRejections (node:internal/process/task_queues:83:21)
2023-09-29 12:48:28:4828 error: bind EADDRINUSE null:80 
 Error Stack: Error: bind EADDRINUSE null:80
    at listenOnPrimaryHandle (node:net:1880:18)
    at rr (node:internal/cluster/child:163:12)
    at Worker.<anonymous> (node:internal/cluster/child:113:7)
    at process.onInternalMessage (node:internal/cluster/utils:49:5)
    at process.emit (node:events:523:35)
    at emit (node:internal/child_process:944:14)
    at process.processTicksAndRejections (node:internal/process/task_queues:83:21)
2023-09-29 12:48:28:4828 error: bind EADDRINUSE null:80 
 Error Stack: Error: bind EADDRINUSE null:80
    at listenOnPrimaryHandle (node:net:1880:18)
    at rr (node:internal/cluster/child:163:12)
    at Worker.<anonymous> (node:internal/cluster/child:113:7)
    at process.onInternalMessage (node:internal/cluster/utils:49:5)
    at process.emit (node:events:523:35)
    at emit (node:internal/child_process:944:14)
    at process.processTicksAndRejections (node:internal/process/task_queues:83:21)
2023-09-29 12:48:28:4828 error: bind EADDRINUSE null:80 
 Error Stack: Error: bind EADDRINUSE null:80
    at listenOnPrimaryHandle (node:net:1880:18)
    at rr (node:internal/cluster/child:163:12)
    at Worker.<anonymous> (node:internal/cluster/child:113:7)
    at process.onInternalMessage (node:internal/cluster/utils:49:5)
    at process.emit (node:events:523:35)
    at emit (node:internal/child_process:944:14)
    at process.processTicksAndRejections (node:internal/process/task_queues:83:21)
2023-09-29 12:48:28:4828 error: bind EADDRINUSE null:80 
 Error Stack: Error: bind EADDRINUSE null:80
    at listenOnPrimaryHandle (node:net:1880:18)
    at rr (node:internal/cluster/child:163:12)
    at Worker.<anonymous> (node:internal/cluster/child:113:7)
    at process.onInternalMessage (node:internal/cluster/utils:49:5)
    at process.emit (node:events:523:35)
    at emit (node:internal/child_process:944:14)
    at process.processTicksAndRejections (node:internal/process/task_queues:83:21)
2023-09-29 12:48:28:4828 error: bind EADDRINUSE null:80 
 Error Stack: Error: bind EADDRINUSE null:80
    at listenOnPrimaryHandle (node:net:1880:18)
    at rr (node:internal/cluster/child:163:12)
    at Worker.<anonymous> (node:internal/cluster/child:113:7)
    at process.onInternalMessage (node:internal/cluster/utils:49:5)
    at process.emit (node:events:523:35)
    at emit (node:internal/child_process:944:14)
    at process.processTicksAndRejections (node:internal/process/task_queues:83:21)
2023-09-29 12:48:29:4829 error: bind EADDRINUSE null:80 
 Error Stack: Error: bind EADDRINUSE null:80
    at listenOnPrimaryHandle (node:net:1880:18)
    at rr (node:internal/cluster/child:163:12)
    at Worker.<anonymous> (node:internal/cluster/child:113:7)
    at process.onInternalMessage (node:internal/cluster/utils:49:5)
    at process.emit (node:events:523:35)
    at emit (node:internal/child_process:944:14)
    at process.processTicksAndRejections (node:internal/process/task_queues:83:21)
2023-09-29 12:48:29:4829 error: bind EADDRINUSE null:80 
 Error Stack: Error: bind EADDRINUSE null:80
    at listenOnPrimaryHandle (node:net:1880:18)
    at rr (node:internal/cluster/child:163:12)
    at Worker.<anonymous> (node:internal/cluster/child:113:7)
    at process.onInternalMessage (node:internal/cluster/utils:49:5)
    at process.emit (node:events:523:35)
    at emit (node:internal/child_process:944:14)
    at process.processTicksAndRejections (node:internal/process/task_queues:83:21)
2023-09-29 12:48:29:4829 error: bind EADDRINUSE null:80 
 Error Stack: Error: bind EADDRINUSE null:80
    at listenOnPrimaryHandle (node:net:1880:18)
    at rr (node:internal/cluster/child:163:12)
    at Worker.<anonymous> (node:internal/cluster/child:113:7)
    at process.onInternalMessage (node:internal/cluster/utils:49:5)
    at process.emit (node:events:523:35)
    at emit (node:internal/child_process:944:14)
    at process.processTicksAndRejections (node:internal/process/task_queues:83:21)
2023-09-29 12:48:29:4829 error: bind EADDRINUSE null:80 
 Error Stack: Error: bind EADDRINUSE null:80
    at listenOnPrimaryHandle (node:net:1880:18)
    at rr (node:internal/cluster/child:163:12)
    at Worker.<anonymous> (node:internal/cluster/child:113:7)
    at process.onInternalMessage (node:internal/cluster/utils:49:5)
    at process.emit (node:events:523:35)
    at emit (node:internal/child_process:944:14)
    at process.processTicksAndRejections (node:internal/process/task_queues:83:21)
2023-09-29 12:48:29:4829 error: bind EADDRINUSE null:80 
 Error Stack: Error: bind EADDRINUSE null:80
    at listenOnPrimaryHandle (node:net:1880:18)
    at rr (node:internal/cluster/child:163:12)
    at Worker.<anonymous> (node:internal/cluster/child:113:7)
    at process.onInternalMessage (node:internal/cluster/utils:49:5)
    at process.emit (node:events:523:35)
    at emit (node:internal/child_process:944:14)
    at process.processTicksAndRejections (node:internal/process/task_queues:83:21)
2023-09-29 12:48:29:4829 error: bind EADDRINUSE null:80 
 Error Stack: Error: bind EADDRINUSE null:80
    at listenOnPrimaryHandle (node:net:1880:18)
    at rr (node:internal/cluster/child:163:12)
    at Worker.<anonymous> (node:internal/cluster/child:113:7)
    at process.onInternalMessage (node:internal/cluster/utils:49:5)
    at process.emit (node:events:523:35)
    at emit (node:internal/child_process:944:14)
    at process.processTicksAndRejections (node:internal/process/task_queues:83:21)
2023-09-29 12:48:29:4829 error: bind EADDRINUSE null:80 
 Error Stack: Error: bind EADDRINUSE null:80
    at listenOnPrimaryHandle (node:net:1880:18)
    at rr (node:internal/cluster/child:163:12)
    at Worker.<anonymous> (node:internal/cluster/child:113:7)
    at process.onInternalMessage (node:internal/cluster/utils:49:5)
    at process.emit (node:events:523:35)
    at emit (node:internal/child_process:944:14)
    at process.processTicksAndRejections (node:internal/process/task_queues:83:21)
2023-09-29 12:48:30:4830 error: bind EADDRINUSE null:80 
 Error Stack: Error: bind EADDRINUSE null:80
    at listenOnPrimaryHandle (node:net:1880:18)
    at rr (node:internal/cluster/child:163:12)
    at Worker.<anonymous> (node:internal/cluster/child:113:7)
    at process.onInternalMessage (node:internal/cluster/utils:49:5)
    at process.emit (node:events:523:35)
    at emit (node:internal/child_process:944:14)
    at process.processTicksAndRejections (node:internal/process/task_queues:83:21)
2023-09-29 12:48:30:4830 error: bind EADDRINUSE null:80 
 Error Stack: Error: bind EADDRINUSE null:80
    at listenOnPrimaryHandle (node:net:1880:18)
    at rr (node:internal/cluster/child:163:12)
    at Worker.<anonymous> (node:internal/cluster/child:113:7)
    at process.onInternalMessage (node:internal/cluster/utils:49:5)
    at process.emit (node:events:523:35)
    at emit (node:internal/child_process:944:14)
    at process.processTicksAndRejections (node:internal/process/task_queues:83:21)
2023-09-29 12:48:30:4830 error: bind EADDRINUSE null:80 
 Error Stack: Error: bind EADDRINUSE null:80
    at listenOnPrimaryHandle (node:net:1880:18)
    at rr (node:internal/cluster/child:163:12)
    at Worker.<anonymous> (node:internal/cluster/child:113:7)
    at process.onInternalMessage (node:internal/cluster/utils:49:5)
    at process.emit (node:events:523:35)
    at emit (node:internal/child_process:944:14)
    at process.processTicksAndRejections (node:internal/process/task_queues:83:21)
2023-09-29 12:48:30:4830 error: bind EADDRINUSE null:80 
 Error Stack: Error: bind EADDRINUSE null:80
    at listenOnPrimaryHandle (node:net:1880:18)
    at rr (node:internal/cluster/child:163:12)
    at Worker.<anonymous> (node:internal/cluster/child:113:7)
    at process.onInternalMessage (node:internal/cluster/utils:49:5)
    at process.emit (node:events:523:35)
    at emit (node:internal/child_process:944:14)
    at process.processTicksAndRejections (node:internal/process/task_queues:83:21)
2023-09-29 12:48:30:4830 error: bind EADDRINUSE null:80 
 Error Stack: Error: bind EADDRINUSE null:80
    at listenOnPrimaryHandle (node:net:1880:18)
    at rr (node:internal/cluster/child:163:12)
    at Worker.<anonymous> (node:internal/cluster/child:113:7)
    at process.onInternalMessage (node:internal/cluster/utils:49:5)
    at process.emit (node:events:523:35)
    at emit (node:internal/child_process:944:14)
    at process.processTicksAndRejections (node:internal/process/task_queues:83:21)
2023-09-29 12:48:30:4830 error: bind EADDRINUSE null:80 
 Error Stack: Error: bind EADDRINUSE null:80
    at listenOnPrimaryHandle (node:net:1880:18)
    at rr (node:internal/cluster/child:163:12)
    at Worker.<anonymous> (node:internal/cluster/child:113:7)
    at process.onInternalMessage (node:internal/cluster/utils:49:5)
    at process.emit (node:events:523:35)
    at emit (node:internal/child_process:944:14)
    at process.processTicksAndRejections (node:internal/process/task_queues:83:21)
2023-09-29 12:48:30:4830 error: bind EADDRINUSE null:80 
 Error Stack: Error: bind EADDRINUSE null:80
    at listenOnPrimaryHandle (node:net:1880:18)
    at rr (node:internal/cluster/child:163:12)
    at Worker.<anonymous> (node:internal/cluster/child:113:7)
    at process.onInternalMessage (node:internal/cluster/utils:49:5)
    at process.emit (node:events:523:35)
    at emit (node:internal/child_process:944:14)
    at process.processTicksAndRejections (node:internal/process/task_queues:83:21)
2023-09-29 12:48:30:4830 error: bind EADDRINUSE null:80 
 Error Stack: Error: bind EADDRINUSE null:80
    at listenOnPrimaryHandle (node:net:1880:18)
    at rr (node:internal/cluster/child:163:12)
    at Worker.<anonymous> (node:internal/cluster/child:113:7)
    at process.onInternalMessage (node:internal/cluster/utils:49:5)
    at process.emit (node:events:523:35)
    at emit (node:internal/child_process:944:14)
    at process.processTicksAndRejections (node:internal/process/task_queues:83:21)
2023-09-29 12:48:30:4830 error: bind EADDRINUSE null:80 
 Error Stack: Error: bind EADDRINUSE null:80
    at listenOnPrimaryHandle (node:net:1880:18)
    at rr (node:internal/cluster/child:163:12)
    at Worker.<anonymous> (node:internal/cluster/child:113:7)
    at process.onInternalMessage (node:internal/cluster/utils:49:5)
    at process.emit (node:events:523:35)
    at emit (node:internal/child_process:944:14)
    at process.processTicksAndRejections (node:internal/process/task_queues:83:21)
2023-09-29 12:48:30:4830 error: bind EADDRINUSE null:80 
 Error Stack: Error: bind EADDRINUSE null:80
    at listenOnPrimaryHandle (node:net:1880:18)
    at rr (node:internal/cluster/child:163:12)
    at Worker.<anonymous> (node:internal/cluster/child:113:7)
    at process.onInternalMessage (node:internal/cluster/utils:49:5)
    at process.emit (node:events:523:35)
    at emit (node:internal/child_process:944:14)
    at process.processTicksAndRejections (node:internal/process/task_queues:83:21)
2023-09-29 12:48:31:4831 error: bind EADDRINUSE null:80 
 Error Stack: Error: bind EADDRINUSE null:80
    at listenOnPrimaryHandle (node:net:1880:18)
    at rr (node:internal/cluster/child:163:12)
    at Worker.<anonymous> (node:internal/cluster/child:113:7)
    at process.onInternalMessage (node:internal/cluster/utils:49:5)
    at process.emit (node:events:523:35)
    at emit (node:internal/child_process:944:14)
    at process.processTicksAndRejections (node:internal/process/task_queues:83:21)
2023-09-29 12:48:31:4831 error: bind EADDRINUSE null:80 
 Error Stack: Error: bind EADDRINUSE null:80
    at listenOnPrimaryHandle (node:net:1880:18)
    at rr (node:internal/cluster/child:163:12)
    at Worker.<anonymous> (node:internal/cluster/child:113:7)
    at process.onInternalMessage (node:internal/cluster/utils:49:5)
    at process.emit (node:events:523:35)
    at emit (node:internal/child_process:944:14)
    at process.processTicksAndRejections (node:internal/process/task_queues:83:21)
2023-09-29 12:48:31:4831 error: bind EADDRINUSE null:80 
 Error Stack: Error: bind EADDRINUSE null:80
    at listenOnPrimaryHandle (node:net:1880:18)
    at rr (node:internal/cluster/child:163:12)
    at Worker.<anonymous> (node:internal/cluster/child:113:7)
    at process.onInternalMessage (node:internal/cluster/utils:49:5)
    at process.emit (node:events:523:35)
    at emit (node:internal/child_process:944:14)
    at process.processTicksAndRejections (node:internal/process/task_queues:83:21)
2023-09-29 12:48:31:4831 error: bind EADDRINUSE null:80 
 Error Stack: Error: bind EADDRINUSE null:80
    at listenOnPrimaryHandle (node:net:1880:18)
    at rr (node:internal/cluster/child:163:12)
    at Worker.<anonymous> (node:internal/cluster/child:113:7)
    at process.onInternalMessage (node:internal/cluster/utils:49:5)
    at process.emit (node:events:523:35)
    at emit (node:internal/child_process:944:14)
    at process.processTicksAndRejections (node:internal/process/task_queues:83:21)
2023-09-29 12:48:32:4832 error: bind EADDRINUSE null:80 
 Error Stack: Error: bind EADDRINUSE null:80
    at listenOnPrimaryHandle (node:net:1880:18)
    at rr (node:internal/cluster/child:163:12)
    at Worker.<anonymous> (node:internal/cluster/child:113:7)
    at process.onInternalMessage (node:internal/cluster/utils:49:5)
    at process.emit (node:events:523:35)
    at emit (node:internal/child_process:944:14)
    at process.processTicksAndRejections (node:internal/process/task_queues:83:21)
2023-09-29 12:48:33:4833 error: bind EADDRINUSE null:80 
 Error Stack: Error: bind EADDRINUSE null:80
    at listenOnPrimaryHandle (node:net:1880:18)
    at rr (node:internal/cluster/child:163:12)
    at Worker.<anonymous> (node:internal/cluster/child:113:7)
    at process.onInternalMessage (node:internal/cluster/utils:49:5)
    at process.emit (node:events:523:35)
    at emit (node:internal/child_process:944:14)
    at process.processTicksAndRejections (node:internal/process/task_queues:83:21)
2023-09-29 12:48:33:4833 error: bind EADDRINUSE null:80 
 Error Stack: Error: bind EADDRINUSE null:80
    at listenOnPrimaryHandle (node:net:1880:18)
    at rr (node:internal/cluster/child:163:12)
    at Worker.<anonymous> (node:internal/cluster/child:113:7)
    at process.onInternalMessage (node:internal/cluster/utils:49:5)
    at process.emit (node:events:523:35)
    at emit (node:internal/child_process:944:14)
    at process.processTicksAndRejections (node:internal/process/task_queues:83:21)
2023-09-29 12:48:33:4833 error: bind EADDRINUSE null:80 
 Error Stack: Error: bind EADDRINUSE null:80
    at listenOnPrimaryHandle (node:net:1880:18)
    at rr (node:internal/cluster/child:163:12)
    at Worker.<anonymous> (node:internal/cluster/child:113:7)
    at process.onInternalMessage (node:internal/cluster/utils:49:5)
    at process.emit (node:events:523:35)
    at emit (node:internal/child_process:944:14)
    at process.processTicksAndRejections (node:internal/process/task_queues:83:21)
2023-09-29 12:48:33:4833 error: bind EADDRINUSE null:80 
 Error Stack: Error: bind EADDRINUSE null:80
    at listenOnPrimaryHandle (node:net:1880:18)
    at rr (node:internal/cluster/child:163:12)
    at Worker.<anonymous> (node:internal/cluster/child:113:7)
    at process.onInternalMessage (node:internal/cluster/utils:49:5)
    at process.emit (node:events:523:35)
    at emit (node:internal/child_process:944:14)
    at process.processTicksAndRejections (node:internal/process/task_queues:83:21)
2023-09-29 12:48:33:4833 error: bind EADDRINUSE null:80 
 Error Stack: Error: bind EADDRINUSE null:80
    at listenOnPrimaryHandle (node:net:1880:18)
    at rr (node:internal/cluster/child:163:12)
    at Worker.<anonymous> (node:internal/cluster/child:113:7)
    at process.onInternalMessage (node:internal/cluster/utils:49:5)
    at process.emit (node:events:523:35)
    at emit (node:internal/child_process:944:14)
    at process.processTicksAndRejections (node:internal/process/task_queues:83:21)
2023-09-29 12:48:33:4833 error: bind EADDRINUSE null:80 
 Error Stack: Error: bind EADDRINUSE null:80
    at listenOnPrimaryHandle (node:net:1880:18)
    at rr (node:internal/cluster/child:163:12)
    at Worker.<anonymous> (node:internal/cluster/child:113:7)
    at process.onInternalMessage (node:internal/cluster/utils:49:5)
    at process.emit (node:events:523:35)
    at emit (node:internal/child_process:944:14)
    at process.processTicksAndRejections (node:internal/process/task_queues:83:21)
2023-09-29 12:48:33:4833 error: bind EADDRINUSE null:80 
 Error Stack: Error: bind EADDRINUSE null:80
    at listenOnPrimaryHandle (node:net:1880:18)
    at rr (node:internal/cluster/child:163:12)
    at Worker.<anonymous> (node:internal/cluster/child:113:7)
    at process.onInternalMessage (node:internal/cluster/utils:49:5)
    at process.emit (node:events:523:35)
    at emit (node:internal/child_process:944:14)
    at process.processTicksAndRejections (node:internal/process/task_queues:83:21)
2023-09-29 12:48:33:4833 error: bind EADDRINUSE null:80 
 Error Stack: Error: bind EADDRINUSE null:80
    at listenOnPrimaryHandle (node:net:1880:18)
    at rr (node:internal/cluster/child:163:12)
    at Worker.<anonymous> (node:internal/cluster/child:113:7)
    at process.onInternalMessage (node:internal/cluster/utils:49:5)
    at process.emit (node:events:523:35)
    at emit (node:internal/child_process:944:14)
    at process.processTicksAndRejections (node:internal/process/task_queues:83:21)
2023-09-29 12:48:34:4834 error: bind EADDRINUSE null:80 
 Error Stack: Error: bind EADDRINUSE null:80
    at listenOnPrimaryHandle (node:net:1880:18)
    at rr (node:internal/cluster/child:163:12)
    at Worker.<anonymous> (node:internal/cluster/child:113:7)
    at process.onInternalMessage (node:internal/cluster/utils:49:5)
    at process.emit (node:events:523:35)
    at emit (node:internal/child_process:944:14)
    at process.processTicksAndRejections (node:internal/process/task_queues:83:21)
2023-09-29 12:48:34:4834 error: bind EADDRINUSE null:80 
 Error Stack: Error: bind EADDRINUSE null:80
    at listenOnPrimaryHandle (node:net:1880:18)
    at rr (node:internal/cluster/child:163:12)
    at Worker.<anonymous> (node:internal/cluster/child:113:7)
    at process.onInternalMessage (node:internal/cluster/utils:49:5)
    at process.emit (node:events:523:35)
    at emit (node:internal/child_process:944:14)
    at process.processTicksAndRejections (node:internal/process/task_queues:83:21)
2023-09-29 12:48:34:4834 error: bind EADDRINUSE null:80 
 Error Stack: Error: bind EADDRINUSE null:80
    at listenOnPrimaryHandle (node:net:1880:18)
    at rr (node:internal/cluster/child:163:12)
    at Worker.<anonymous> (node:internal/cluster/child:113:7)
    at process.onInternalMessage (node:internal/cluster/utils:49:5)
    at process.emit (node:events:523:35)
    at emit (node:internal/child_process:944:14)
    at process.processTicksAndRejections (node:internal/process/task_queues:83:21)
2023-09-29 12:48:34:4834 error: bind EADDRINUSE null:80 
 Error Stack: Error: bind EADDRINUSE null:80
    at listenOnPrimaryHandle (node:net:1880:18)
    at rr (node:internal/cluster/child:163:12)
    at Worker.<anonymous> (node:internal/cluster/child:113:7)
    at process.onInternalMessage (node:internal/cluster/utils:49:5)
    at process.emit (node:events:523:35)
    at emit (node:internal/child_process:944:14)
    at process.processTicksAndRejections (node:internal/process/task_queues:83:21)
2023-09-29 12:48:34:4834 error: bind EADDRINUSE null:80 
 Error Stack: Error: bind EADDRINUSE null:80
    at listenOnPrimaryHandle (node:net:1880:18)
    at rr (node:internal/cluster/child:163:12)
    at Worker.<anonymous> (node:internal/cluster/child:113:7)
    at process.onInternalMessage (node:internal/cluster/utils:49:5)
    at process.emit (node:events:523:35)
    at emit (node:internal/child_process:944:14)
    at process.processTicksAndRejections (node:internal/process/task_queues:83:21)
2023-09-29 12:48:34:4834 error: bind EADDRINUSE null:80 
 Error Stack: Error: bind EADDRINUSE null:80
    at listenOnPrimaryHandle (node:net:1880:18)
    at rr (node:internal/cluster/child:163:12)
    at Worker.<anonymous> (node:internal/cluster/child:113:7)
    at process.onInternalMessage (node:internal/cluster/utils:49:5)
    at process.emit (node:events:523:35)
    at emit (node:internal/child_process:944:14)
    at process.processTicksAndRejections (node:internal/process/task_queues:83:21)
2023-09-29 12:48:34:4834 error: bind EADDRINUSE null:80 
 Error Stack: Error: bind EADDRINUSE null:80
    at listenOnPrimaryHandle (node:net:1880:18)
    at rr (node:internal/cluster/child:163:12)
    at Worker.<anonymous> (node:internal/cluster/child:113:7)
    at process.onInternalMessage (node:internal/cluster/utils:49:5)
    at process.emit (node:events:523:35)
    at emit (node:internal/child_process:944:14)
    at process.processTicksAndRejections (node:internal/process/task_queues:83:21)
2023-09-29 12:48:34:4834 error: bind EADDRINUSE null:80 
 Error Stack: Error: bind EADDRINUSE null:80
    at listenOnPrimaryHandle (node:net:1880:18)
    at rr (node:internal/cluster/child:163:12)
    at Worker.<anonymous> (node:internal/cluster/child:113:7)
    at process.onInternalMessage (node:internal/cluster/utils:49:5)
    at process.emit (node:events:523:35)
    at emit (node:internal/child_process:944:14)
    at process.processTicksAndRejections (node:internal/process/task_queues:83:21)
2023-09-29 12:48:35:4835 error: bind EADDRINUSE null:80 
 Error Stack: Error: bind EADDRINUSE null:80
    at listenOnPrimaryHandle (node:net:1880:18)
    at rr (node:internal/cluster/child:163:12)
    at Worker.<anonymous> (node:internal/cluster/child:113:7)
    at process.onInternalMessage (node:internal/cluster/utils:49:5)
    at process.emit (node:events:523:35)
    at emit (node:internal/child_process:944:14)
    at process.processTicksAndRejections (node:internal/process/task_queues:83:21)
