2023-09-28 16:27:42:2742 info: development mode
2023-09-28 16:27:42:2742 info: express Loader Success!!
2023-09-28 16:27:42:2742 info: 
      🛡️  Server listening on port: undefined 🛡️
    
2023-09-28 16:38:33:3833 info: development mode
2023-09-28 16:38:33:3833 info: express Loader Success!!
2023-09-28 16:38:33:3833 info: 
      🛡️  Server listening on port: undefined 🛡️
    
2023-09-28 16:43:50:4350 info: development mode
2023-09-28 16:43:50:4350 info: express Loader Success!!
2023-09-28 16:43:50:4350 info: 
      🛡️  Server listening on port: 80 🛡️
    
2023-09-28 16:44:45:4445 info: development mode
2023-09-28 16:44:45:4445 info: express Loader Success!!
2023-09-28 16:44:45:4445 info: 
      🛡️  Server listening on port: 80 🛡️
2023-09-28 17:27:05:275 info: development mode
2023-09-28 17:27:05:275 info: express Loader Success!!
2023-09-28 17:27:05:275 info: development mode
2023-09-28 17:27:05:275 info: express Loader Success!!
2023-09-28 17:27:05:275 info: 
      🛡️  Server listening on port: 80 🛡️
2023-09-28 17:27:05:275 info: 
      🛡️  Server listening on port: 80 🛡️
2023-09-28 17:27:06:276 info: development mode
2023-09-28 17:27:06:276 info: express Loader Success!!
2023-09-28 17:27:06:276 info: development mode
2023-09-28 17:27:06:276 info: express Loader Success!!
2023-09-28 17:27:06:276 info: 
      🛡️  Server listening on port: 80 🛡️
2023-09-28 17:27:06:276 info: 
      🛡️  Server listening on port: 80 🛡️
2023-09-28 17:27:06:276 info: development mode
2023-09-28 17:27:06:276 info: express Loader Success!!
2023-09-28 17:27:06:276 info: development mode
2023-09-28 17:27:06:276 info: express Loader Success!!
2023-09-28 17:27:06:276 info: 
      🛡️  Server listening on port: 80 🛡️
2023-09-28 17:27:06:276 info: 
      🛡️  Server listening on port: 80 🛡️
2023-09-28 17:27:06:276 info: development mode
2023-09-28 17:27:06:276 info: express Loader Success!!
2023-09-28 17:27:06:276 info: 
      🛡️  Server listening on port: 80 🛡️
2023-09-28 17:27:06:276 info: development mode
2023-09-28 17:27:06:276 info: express Loader Success!!
2023-09-28 17:27:06:276 info: 
      🛡️  Server listening on port: 80 🛡️
2023-09-28 19:19:38:1938 info: development mode
2023-09-28 19:19:38:1938 info: development mode
2023-09-28 19:19:38:1938 info: development mode
2023-09-28 19:19:39:1939 info: development mode
2023-09-28 19:19:39:1939 info: development mode
2023-09-28 19:19:39:1939 info: development mode
2023-09-28 19:19:39:1939 info: development mode
2023-09-28 19:19:39:1939 info: development mode
2023-09-28 19:20:14:2014 info: production mode
2023-09-28 19:20:35:2035 info: production mode
2023-09-28 19:22:47:2247 info: ---production mode---
2023-09-28 19:22:51:2251 info: ---production mode---
2023-09-28 19:23:04:234 info: development mode
2023-09-28 19:23:04:234 info: development mode
2023-09-28 19:23:05:235 info: development mode
2023-09-28 19:23:05:235 info: development mode
2023-09-28 19:23:05:235 info: development mode
2023-09-28 19:23:05:235 info: development mode
2023-09-28 19:23:05:235 info: development mode
2023-09-28 19:23:05:235 info: development mode
2023-09-28 19:23:46:2346 info: development mode
2023-09-28 19:23:46:2346 info: development mode
2023-09-28 19:23:49:2349 info: development mode
2023-09-28 19:23:49:2349 info: development mode
2023-09-28 19:23:52:2352 info: development mode
2023-09-28 19:23:52:2352 info: development mode
2023-09-28 19:23:56:2356 info: development mode
2023-09-28 19:23:56:2356 info: development mode
2023-09-28 19:26:05:265 info: ---production mode---
2023-09-28 19:26:57:2657 info: ---production mode---
2023-09-28 19:27:33:2733 info: development mode
2023-09-28 19:27:33:2733 info: development mode
2023-09-28 19:27:37:2737 info: development mode
2023-09-28 19:27:37:2737 info: development mode
2023-09-28 19:27:40:2740 info: development mode
2023-09-28 19:27:40:2740 info: development mode
2023-09-28 19:27:43:2743 info: development mode
2023-09-28 19:27:43:2743 info: development mode
2023-09-28 19:28:22:2822 info: development mode
2023-09-28 19:28:22:2822 info: development mode
2023-09-28 19:28:25:2825 info: development mode
2023-09-28 19:28:25:2825 info: development mode
2023-09-28 19:28:28:2828 info: development mode
2023-09-28 19:28:28:2828 info: development mode
2023-09-28 19:28:32:2832 info: development mode
2023-09-28 19:28:32:2832 info: development mode
2023-09-28 19:44:06:446 info: ---production mode---
2023-09-28 19:46:05:465 info: ---production mode---
2023-09-28 19:46:47:4647 info: development mode
2023-09-28 19:46:47:4647 info: development mode
2023-09-28 19:46:50:4650 info: development mode
2023-09-28 19:46:50:4650 info: development mode
2023-09-28 19:46:53:4653 info: development mode
2023-09-28 19:46:53:4653 info: development mode
2023-09-28 19:46:57:4657 info: development mode
2023-09-28 19:46:57:4657 info: development mode
2023-09-28 19:50:31:5031 info: development mode
2023-09-28 19:50:31:5031 info: development mode
2023-09-28 19:50:34:5034 info: development mode
2023-09-28 19:50:34:5034 info: development mode
2023-09-28 19:50:37:5037 info: development mode
2023-09-28 19:50:37:5037 info: development mode
2023-09-28 19:50:40:5040 info: development mode
2023-09-28 19:50:40:5040 info: development mode
2023-09-28 19:51:20:5120 info: development mode
2023-09-28 19:51:20:5120 info: development mode
2023-09-28 19:51:23:5123 info: development mode
2023-09-28 19:51:23:5123 info: development mode
2023-09-28 19:51:27:5127 info: development mode
2023-09-28 19:51:27:5127 info: development mode
2023-09-28 19:51:30:5130 info: development mode
2023-09-28 19:51:30:5130 info: development mode
2023-09-28 19:51:43:5143 info: development mode
2023-09-28 19:51:43:5143 info: development mode
2023-09-28 19:51:46:5146 info: development mode
2023-09-28 19:51:46:5146 info: development mode
2023-09-28 19:51:50:5150 info: development mode
2023-09-28 19:51:50:5150 info: development mode
2023-09-28 19:51:53:5153 info: development mode
2023-09-28 19:51:53:5153 info: development mode
2023-09-28 19:58:19:5819 info: development mode
2023-09-28 19:58:19:5819 info: development mode
2023-09-28 19:58:22:5822 info: development mode
2023-09-28 19:58:22:5822 info: development mode
2023-09-28 19:58:25:5825 info: development mode
2023-09-28 19:58:25:5825 info: development mode
2023-09-28 19:58:28:5828 info: development mode
2023-09-28 19:58:28:5828 info: development mode
2023-09-28 20:41:20:4120 info: development mode
2023-09-28 20:41:20:4120 info: development mode
2023-09-28 20:41:23:4123 info: development mode
2023-09-28 20:41:23:4123 info: development mode
2023-09-28 20:41:26:4126 info: development mode
2023-09-28 20:41:26:4126 info: development mode
2023-09-28 20:41:29:4129 info: development mode
2023-09-28 20:41:29:4129 info: development mode
2023-09-28 20:42:36:4236 info: development mode
2023-09-28 20:42:36:4236 info: development mode
2023-09-28 20:42:39:4239 info: development mode
2023-09-28 20:42:39:4239 info: development mode
2023-09-28 20:42:43:4243 info: development mode
2023-09-28 20:42:43:4243 info: development mode
2023-09-28 20:42:46:4246 info: development mode
2023-09-28 20:42:46:4246 info: development mode
2023-09-28 20:42:57:4257 info: development mode
2023-09-28 20:42:57:4257 info: development mode
2023-09-28 20:43:00:430 info: development mode
2023-09-28 20:43:00:430 info: development mode
2023-09-28 20:43:03:433 info: development mode
2023-09-28 20:43:03:433 info: development mode
2023-09-28 20:43:06:436 info: development mode
2023-09-28 20:43:06:436 info: development mode
2023-09-28 20:46:06:466 info: development mode
2023-09-28 20:46:06:466 info: development mode
2023-09-28 20:46:09:469 info: development mode
2023-09-28 20:46:09:469 info: development mode
2023-09-28 20:46:12:4612 info: development mode
2023-09-28 20:46:12:4612 info: development mode
2023-09-28 20:46:15:4615 info: development mode
2023-09-28 20:46:15:4615 info: development mode
2023-09-28 20:53:14:5314 info: development mode
2023-09-28 20:53:14:5314 info: development mode
2023-09-28 20:53:17:5317 info: development mode
2023-09-28 20:53:17:5317 info: development mode
2023-09-28 20:53:20:5320 info: development mode
2023-09-28 20:53:20:5320 info: development mode
2023-09-28 20:53:24:5324 info: development mode
2023-09-28 20:53:24:5324 info: development mode
2023-09-28 20:54:02:542 info: development mode
2023-09-28 20:54:02:542 info: development mode
2023-09-28 20:54:05:545 info: development mode
2023-09-28 20:54:05:545 info: development mode
2023-09-28 20:54:08:548 info: development mode
2023-09-28 20:54:08:548 info: development mode
2023-09-28 20:54:11:5411 info: development mode
2023-09-28 20:54:11:5411 info: development mode
2023-09-28 20:57:01:571 info: development mode
2023-09-28 20:57:01:571 info: development mode
2023-09-28 20:57:04:574 info: development mode
2023-09-28 20:57:04:574 info: development mode
2023-09-28 20:57:07:577 info: development mode
2023-09-28 20:57:07:577 info: development mode
2023-09-28 20:57:11:5711 info: development mode
2023-09-28 20:57:11:5711 info: development mode
2023-09-28 21:00:30:030 info: development mode
2023-09-28 21:00:30:030 info: development mode
2023-09-28 21:00:33:033 info: development mode
2023-09-28 21:00:33:033 info: development mode
2023-09-28 21:00:36:036 info: development mode
2023-09-28 21:00:36:036 info: development mode
2023-09-28 21:00:39:039 info: development mode
2023-09-28 21:00:39:039 info: development mode
2023-09-28 21:05:11:511 info: development mode
2023-09-28 21:05:11:511 info: development mode
2023-09-28 21:05:14:514 info: development mode
2023-09-28 21:05:14:514 info: development mode
2023-09-28 21:05:17:517 info: development mode
2023-09-28 21:05:17:517 info: development mode
2023-09-28 21:05:20:520 info: development mode
2023-09-28 21:05:20:520 info: development mode
2023-09-28 21:06:47:647 info: development mode
2023-09-28 21:06:47:647 info: development mode
2023-09-28 21:06:50:650 info: development mode
2023-09-28 21:06:50:650 info: development mode
2023-09-28 21:06:53:653 info: development mode
2023-09-28 21:06:53:653 info: development mode
2023-09-28 21:06:57:657 info: development mode
2023-09-28 21:06:57:657 info: development mode
2023-09-28 21:11:15:1115 info: development mode
2023-09-28 21:11:15:1115 info: development mode
2023-09-28 21:11:18:1118 info: development mode
2023-09-28 21:11:18:1118 info: development mode
2023-09-28 21:11:21:1121 info: development mode
2023-09-28 21:11:21:1121 info: development mode
2023-09-28 21:11:24:1124 info: development mode
2023-09-28 21:11:24:1124 info: development mode
2023-09-28 21:11:52:1152 info: development mode
2023-09-28 21:11:52:1152 info: development mode
2023-09-28 21:11:55:1155 info: development mode
2023-09-28 21:11:55:1155 info: development mode
2023-09-28 21:11:59:1159 info: development mode
2023-09-28 21:11:59:1159 info: development mode
2023-09-28 21:12:02:122 info: development mode
2023-09-28 21:12:02:122 info: development mode
2023-09-28 21:13:34:1334 info: development mode
2023-09-28 21:13:34:1334 info: development mode
2023-09-28 21:13:37:1337 info: development mode
2023-09-28 21:13:37:1337 info: development mode
2023-09-28 21:13:40:1340 info: development mode
2023-09-28 21:13:40:1340 info: development mode
2023-09-28 21:13:44:1344 info: development mode
2023-09-28 21:13:44:1344 info: development mode
2023-09-28 21:14:49:1449 info: development mode
2023-09-28 21:14:49:1449 info: development mode
2023-09-28 21:14:53:1453 info: development mode
2023-09-28 21:14:53:1453 info: development mode
2023-09-28 21:14:56:1456 info: development mode
2023-09-28 21:14:56:1456 info: development mode
2023-09-28 21:14:59:1459 info: development mode
2023-09-28 21:14:59:1459 info: development mode
2023-09-28 21:16:03:163 info: development mode
2023-09-28 21:16:03:163 info: development mode
2023-09-28 21:16:07:167 info: development mode
2023-09-28 21:16:07:167 info: development mode
2023-09-28 21:16:10:1610 info: development mode
2023-09-28 21:16:10:1610 info: development mode
2023-09-28 21:16:13:1613 info: development mode
2023-09-28 21:16:13:1613 info: development mode
2023-09-28 21:31:11:3111 info: development mode
2023-09-28 21:31:11:3111 info: development mode
2023-09-28 21:31:11:3111 info: development mode
2023-09-28 21:31:11:3111 info: development mode
2023-09-28 21:31:11:3111 info: development mode
2023-09-28 21:31:11:3111 info: development mode
2023-09-28 21:31:11:3111 info: development mode
2023-09-28 21:31:12:3112 info: development mode
2023-09-28 21:32:52:3252 info: development mode
2023-09-28 21:32:52:3252 info: development mode
2023-09-28 21:32:52:3252 info: development mode
2023-09-28 21:32:52:3252 info: development mode
2023-09-28 21:32:52:3252 info: development mode
2023-09-28 21:32:52:3252 info: development mode
2023-09-28 21:32:52:3252 info: development mode
2023-09-28 21:32:52:3252 info: development mode
2023-09-28 21:33:11:3311 info: development mode
2023-09-28 21:33:11:3311 info: development mode
2023-09-28 21:33:12:3312 info: development mode
2023-09-28 21:33:12:3312 info: development mode
2023-09-28 21:33:12:3312 info: development mode
2023-09-28 21:33:12:3312 info: development mode
2023-09-28 21:33:12:3312 info: development mode
2023-09-28 21:33:12:3312 info: development mode
2023-09-28 21:33:27:3327 info: development mode
2023-09-28 21:33:27:3327 info: development mode
2023-09-28 21:33:28:3328 info: development mode
2023-09-28 21:33:28:3328 info: development mode
2023-09-28 21:33:28:3328 info: development mode
2023-09-28 21:33:28:3328 info: development mode
2023-09-28 21:33:28:3328 info: development mode
2023-09-28 21:33:28:3328 info: development mode
2023-09-28 21:33:40:3340 info: development mode
2023-09-28 21:33:40:3340 info: development mode
2023-09-28 21:33:40:3340 info: development mode
2023-09-28 21:33:40:3340 info: development mode
2023-09-28 21:33:41:3341 info: development mode
2023-09-28 21:33:41:3341 info: development mode
2023-09-28 21:33:41:3341 info: development mode
2023-09-28 21:33:41:3341 info: development mode
2023-09-28 21:33:51:3351 info: development mode
2023-09-28 21:33:51:3351 info: development mode
2023-09-28 21:33:51:3351 info: development mode
2023-09-28 21:33:51:3351 info: development mode
2023-09-28 21:33:52:3352 info: development mode
2023-09-28 21:33:52:3352 info: development mode
2023-09-28 21:33:52:3352 info: development mode
2023-09-28 21:33:52:3352 info: development mode
2023-09-28 21:35:04:354 info: development mode
2023-09-28 21:35:04:354 info: development mode
2023-09-28 21:35:05:355 info: development mode
2023-09-28 21:35:05:355 info: development mode
2023-09-28 21:35:05:355 info: development mode
2023-09-28 21:35:05:355 info: development mode
2023-09-28 21:35:05:355 info: development mode
2023-09-28 21:35:05:355 info: development mode
2023-09-28 21:37:48:3748 info: development mode
2023-09-28 21:37:48:3748 info: development mode
2023-09-28 21:37:48:3748 info: development mode
2023-09-28 21:37:48:3748 info: development mode
2023-09-28 21:37:48:3748 info: development mode
2023-09-28 21:37:48:3748 info: development mode
2023-09-28 21:37:48:3748 info: development mode
2023-09-28 21:37:48:3748 info: development mode
2023-09-28 21:39:19:3919 info: development mode
2023-09-28 21:39:19:3919 info: development mode
2023-09-28 21:39:19:3919 info: development mode
2023-09-28 21:39:19:3919 info: development mode
2023-09-28 21:39:20:3920 info: development mode
2023-09-28 21:39:20:3920 info: development mode
2023-09-28 21:39:20:3920 info: development mode
2023-09-28 21:39:20:3920 info: development mode
2023-09-28 21:39:43:3943 info: development mode
2023-09-28 21:39:43:3943 info: development mode
2023-09-28 21:39:43:3943 info: development mode
2023-09-28 21:39:43:3943 info: development mode
2023-09-28 21:39:44:3944 info: development mode
2023-09-28 21:39:44:3944 info: development mode
2023-09-28 21:39:44:3944 info: development mode
2023-09-28 21:39:44:3944 info: development mode
2023-09-28 21:41:00:410 info: development mode
2023-09-28 21:41:00:410 info: development mode
2023-09-28 21:41:01:411 info: development mode
2023-09-28 21:41:01:411 info: development mode
2023-09-28 21:41:01:411 info: development mode
2023-09-28 21:41:01:411 info: development mode
2023-09-28 21:41:01:411 info: development mode
2023-09-28 21:41:01:411 info: development mode
2023-09-28 21:41:27:4127 info: development mode
2023-09-28 21:41:27:4127 info: development mode
2023-09-28 21:41:27:4127 info: development mode
2023-09-28 21:41:27:4127 info: development mode
2023-09-28 21:41:27:4127 info: development mode
2023-09-28 21:41:27:4127 info: development mode
2023-09-28 21:41:28:4128 info: development mode
2023-09-28 21:41:28:4128 info: development mode
2023-09-28 21:46:57:4657 info: development mode
2023-09-28 21:46:57:4657 info: development mode
2023-09-28 21:46:57:4657 info: development mode
2023-09-28 21:46:57:4657 info: development mode
2023-09-28 21:46:57:4657 info: development mode
2023-09-28 21:46:57:4657 info: development mode
2023-09-28 21:46:57:4657 info: development mode
2023-09-28 21:46:57:4657 info: development mode
2023-09-28 21:48:00:480 info: development mode
2023-09-28 21:48:00:480 info: development mode
2023-09-28 21:48:01:481 info: development mode
2023-09-28 21:48:01:481 info: development mode
2023-09-28 21:48:01:481 info: development mode
2023-09-28 21:48:01:481 info: development mode
2023-09-28 21:48:01:481 info: development mode
2023-09-28 21:48:01:481 info: development mode
2023-09-28 21:50:40:5040 info: development mode
2023-09-28 21:50:40:5040 info: development mode
2023-09-28 21:50:40:5040 info: development mode
2023-09-28 21:50:40:5040 info: development mode
2023-09-28 21:50:40:5040 info: development mode
2023-09-28 21:50:40:5040 info: development mode
2023-09-28 21:50:40:5040 info: development mode
2023-09-28 21:50:40:5040 info: development mode
